# JRE version: Java(TM) SE Runtime Environment 18.9 (11.0.8+10) (build 11.0.8+10-LTS)
# Java VM: Java HotSpot(TM) 64-Bit Server VM 18.9 (11.0.8+10-LTS, mixed mode, tiered, compressed oops, g1 gc, bsd-amd64)
Heap:
 garbage-first heap   total 380928K, used 252181K [0x0000000700000000, 0x0000000800000000)
  region size 1024K, 186 young (190464K), 15 survivors (15360K)
 Metaspace       used 65739K, capacity 67376K, committed 67836K, reserved 1110016K
  class space    used 6498K, capacity 7061K, committed 7168K, reserved 1048576K
GC Heap History (10 events):
Event: 18.833 GC heap before
{Heap before GC invocations=12 (full 0):
 garbage-first heap   total 315392K, used 186643K [0x0000000700000000, 0x0000000800000000)
  region size 1024K, 143 young (146432K), 9 survivors (9216K)
 Metaspace       used 41838K, capacity 43040K, committed 43344K, reserved 1087488K
  class space    used 4355K, capacity 4799K, committed 4864K, reserved 1048576K
}
Event: 18.850 GC heap after
{Heap after GC invocations=13 (full 0):
 garbage-first heap   total 315392K, used 57987K [0x0000000700000000, 0x0000000800000000)
  region size 1024K, 16 young (16384K), 16 survivors (16384K)
 Metaspace       used 41838K, capacity 43040K, committed 43344K, reserved 1087488K
  class space    used 4355K, capacity 4799K, committed 4864K, reserved 1048576K
}
Event: 19.141 GC heap before
{Heap before GC invocations=13 (full 0):
 garbage-first heap   total 315392K, used 200323K [0x0000000700000000, 0x0000000800000000)
  region size 1024K, 156 young (159744K), 16 survivors (16384K)
 Metaspace       used 41845K, capacity 43040K, committed 43344K, reserved 1087488K
  class space    used 4355K, capacity 4799K, committed 4864K, reserved 1048576K
}
Event: 19.161 GC heap after
{Heap after GC invocations=14 (full 0):
 garbage-first heap   total 315392K, used 64144K [0x0000000700000000, 0x0000000800000000)
  region size 1024K, 14 young (14336K), 14 survivors (14336K)
 Metaspace       used 41845K, capacity 43040K, committed 43344K, reserved 1087488K
  class space    used 4355K, capacity 4799K, committed 4864K, reserved 1048576K
}
Event: 19.478 GC heap before
{Heap before GC invocations=14 (full 0):
 garbage-first heap   total 315392K, used 210576K [0x0000000700000000, 0x0000000800000000)
  region size 1024K, 158 young (161792K), 14 survivors (14336K)
 Metaspace       used 41889K, capacity 43045K, committed 43344K, reserved 1087488K
  class space    used 4356K, capacity 4799K, committed 4864K, reserved 1048576K
}
Event: 19.498 GC heap after
{Heap after GC invocations=15 (full 0):
 garbage-first heap   total 315392K, used 70371K [0x0000000700000000, 0x0000000800000000)
  region size 1024K, 13 young (13312K), 13 survivors (13312K)
 Metaspace       used 41889K, capacity 43045K, committed 43344K, reserved 1087488K
  class space    used 4356K, capacity 4799K, committed 4864K, reserved 1048576K
}
Event: 20.883 GC heap before
{Heap before GC invocations=15 (full 0):
 garbage-first heap   total 315392K, used 221923K [0x0000000700000000, 0x0000000800000000)
  region size 1024K, 161 young (164864K), 13 survivors (13312K)
 Metaspace       used 46163K, capacity 47486K, committed 47696K, reserved 1091584K
  class space    used 4827K, capacity 5343K, committed 5376K, reserved 1048576K
}
Event: 20.899 GC heap after
{Heap after GC invocations=16 (full 0):
 garbage-first heap   total 380928K, used 74517K [0x0000000700000000, 0x0000000800000000)
  region size 1024K, 12 young (12288K), 12 survivors (12288K)
 Metaspace       used 46163K, capacity 47486K, committed 47696K, reserved 1091584K
  class space    used 4827K, capacity 5343K, committed 5376K, reserved 1048576K
}
Event: 30.038 GC heap before
{Heap before GC invocations=16 (full 0):
 garbage-first heap   total 380928K, used 157461K [0x0000000700000000, 0x0000000800000000)
  region size 1024K, 93 young (95232K), 12 survivors (12288K)
 Metaspace       used 58219K, capacity 59583K, committed 59984K, reserved 1103872K
  class space    used 6010K, capacity 6556K, committed 6656K, reserved 1048576K
}
Event: 30.059 GC heap after
{Heap after GC invocations=17 (full 0):
 garbage-first heap   total 380928K, used 80149K [0x0000000700000000, 0x0000000800000000)
  region size 1024K, 15 young (15360K), 15 survivors (15360K)
 Metaspace       used 58219K, capacity 59583K, committed 59984K, reserved 1103872K
  class space    used 6010K, capacity 6556K, committed 6656K, reserved 1048576K
}

